{"name":"hexo","hostname":"jilingjun.local","pid":38753,"level":20,"msg":"Hexo version: \u001b[35m3.6.0\u001b[39m","time":"2018-03-25T11:44:50.142Z","v":0}
{"name":"hexo","hostname":"jilingjun.local","pid":38753,"level":20,"msg":"Working directory: \u001b[35m~/Documents/blog/\u001b[39m","time":"2018-03-25T11:44:50.144Z","v":0}
{"name":"hexo","hostname":"jilingjun.local","pid":38753,"level":20,"msg":"Config loaded: \u001b[35m~/Documents/blog/_config.yml\u001b[39m","time":"2018-03-25T11:44:50.281Z","v":0}
{"name":"hexo","hostname":"jilingjun.local","pid":38753,"level":20,"msg":"Plugin loaded: \u001b[35mhexo-generator-index\u001b[39m","time":"2018-03-25T11:44:50.298Z","v":0}
{"name":"hexo","hostname":"jilingjun.local","pid":38753,"level":20,"msg":"Plugin loaded: \u001b[35mhexo-deployer-git\u001b[39m","time":"2018-03-25T11:44:50.331Z","v":0}
{"name":"hexo","hostname":"jilingjun.local","pid":38753,"level":20,"msg":"Plugin loaded: \u001b[35mhexo-generator-category\u001b[39m","time":"2018-03-25T11:44:50.334Z","v":0}
{"name":"hexo","hostname":"jilingjun.local","pid":38753,"level":20,"msg":"Plugin loaded: \u001b[35mhexo-generator-archive\u001b[39m","time":"2018-03-25T11:44:50.337Z","v":0}
{"name":"hexo","hostname":"jilingjun.local","pid":38753,"level":20,"msg":"Plugin loaded: \u001b[35mhexo-generator-tag\u001b[39m","time":"2018-03-25T11:44:50.338Z","v":0}
{"name":"hexo","hostname":"jilingjun.local","pid":38753,"level":20,"msg":"Plugin loaded: \u001b[35mhexo-renderer-ejs\u001b[39m","time":"2018-03-25T11:44:50.342Z","v":0}
{"name":"hexo","hostname":"jilingjun.local","pid":38753,"level":20,"msg":"Plugin loaded: \u001b[35mhexo-renderer-marked\u001b[39m","time":"2018-03-25T11:44:50.348Z","v":0}
{"name":"hexo","hostname":"jilingjun.local","pid":38753,"level":20,"msg":"Plugin loaded: \u001b[35mhexo-renderer-stylus\u001b[39m","time":"2018-03-25T11:44:50.349Z","v":0}
{"name":"hexo","hostname":"jilingjun.local","pid":38753,"level":20,"msg":"Plugin loaded: \u001b[35mhexo-server\u001b[39m","time":"2018-03-25T11:44:50.475Z","v":0}
{"name":"hexo","hostname":"jilingjun.local","pid":38753,"level":20,"msg":"Script loaded: \u001b[35mthemes/landscape/scripts/fancybox.js\u001b[39m","time":"2018-03-25T11:44:50.478Z","v":0}
{"name":"hexo","hostname":"jilingjun.local","pid":38753,"level":20,"msg":"Loading database.","time":"2018-03-25T11:44:50.484Z","v":0}
{"name":"hexo","hostname":"jilingjun.local","pid":38753,"level":30,"msg":"Start processing","time":"2018-03-25T11:44:50.507Z","v":0}
{"name":"hexo","hostname":"jilingjun.local","pid":38753,"level":20,"msg":"Processed: \u001b[35mdebug.log\u001b[39m","time":"2018-03-25T11:44:50.527Z","v":0}
{"name":"hexo","hostname":"jilingjun.local","pid":38753,"level":20,"msg":"Processed: \u001b[35m_posts/hello-world.md\u001b[39m","time":"2018-03-25T11:44:50.540Z","v":0}
{"name":"hexo","hostname":"jilingjun.local","pid":38753,"level":20,"msg":"Processed: \u001b[35m_posts/hexo-github快速搭建博客.md\u001b[39m","time":"2018-03-25T11:44:50.540Z","v":0}
{"name":"hexo","hostname":"jilingjun.local","pid":38753,"level":20,"msg":"Theme config loaded.","time":"2018-03-25T11:44:50.607Z","v":0}
{"name":"hexo","hostname":"jilingjun.local","pid":38753,"level":20,"msg":"Processed: \u001b[35m_config.yml\u001b[39m","time":"2018-03-25T11:44:50.609Z","v":0}
{"name":"hexo","hostname":"jilingjun.local","pid":38753,"level":20,"msg":"Processed: \u001b[35msource/css/style.styl\u001b[39m","time":"2018-03-25T11:44:50.609Z","v":0}
{"name":"hexo","hostname":"jilingjun.local","pid":38753,"level":20,"msg":"Processed: \u001b[35msource/fancybox/blank.gif\u001b[39m","time":"2018-03-25T11:44:50.609Z","v":0}
{"name":"hexo","hostname":"jilingjun.local","pid":38753,"level":20,"msg":"Processed: \u001b[35msource/fancybox/fancybox_loading.gif\u001b[39m","time":"2018-03-25T11:44:50.610Z","v":0}
{"name":"hexo","hostname":"jilingjun.local","pid":38753,"level":20,"msg":"Processed: \u001b[35msource/fancybox/fancybox_loading@2x.gif\u001b[39m","time":"2018-03-25T11:44:50.610Z","v":0}
{"name":"hexo","hostname":"jilingjun.local","pid":38753,"level":20,"msg":"Processed: \u001b[35msource/fancybox/fancybox_overlay.png\u001b[39m","time":"2018-03-25T11:44:50.610Z","v":0}
{"name":"hexo","hostname":"jilingjun.local","pid":38753,"level":20,"msg":"Processed: \u001b[35msource/fancybox/fancybox_sprite.png\u001b[39m","time":"2018-03-25T11:44:50.610Z","v":0}
{"name":"hexo","hostname":"jilingjun.local","pid":38753,"level":20,"msg":"Processed: \u001b[35msource/fancybox/fancybox_sprite@2x.png\u001b[39m","time":"2018-03-25T11:44:50.611Z","v":0}
{"name":"hexo","hostname":"jilingjun.local","pid":38753,"level":20,"msg":"Processed: \u001b[35msource/fancybox/jquery.fancybox.css\u001b[39m","time":"2018-03-25T11:44:50.611Z","v":0}
{"name":"hexo","hostname":"jilingjun.local","pid":38753,"level":20,"msg":"Processed: \u001b[35msource/fancybox/jquery.fancybox.js\u001b[39m","time":"2018-03-25T11:44:50.611Z","v":0}
{"name":"hexo","hostname":"jilingjun.local","pid":38753,"level":20,"msg":"Processed: \u001b[35msource/js/script.js\u001b[39m","time":"2018-03-25T11:44:50.612Z","v":0}
{"name":"hexo","hostname":"jilingjun.local","pid":38753,"level":20,"msg":"Processed: \u001b[35msource/fancybox/jquery.fancybox.pack.js\u001b[39m","time":"2018-03-25T11:44:50.612Z","v":0}
{"name":"hexo","hostname":"jilingjun.local","pid":38753,"level":20,"msg":"Processed: \u001b[35mlanguages/de.yml\u001b[39m","time":"2018-03-25T11:44:50.626Z","v":0}
{"name":"hexo","hostname":"jilingjun.local","pid":38753,"level":20,"msg":"Processed: \u001b[35mlanguages/default.yml\u001b[39m","time":"2018-03-25T11:44:50.626Z","v":0}
{"name":"hexo","hostname":"jilingjun.local","pid":38753,"level":20,"msg":"Processed: \u001b[35mlanguages/es.yml\u001b[39m","time":"2018-03-25T11:44:50.626Z","v":0}
{"name":"hexo","hostname":"jilingjun.local","pid":38753,"level":20,"msg":"Processed: \u001b[35mlanguages/ko.yml\u001b[39m","time":"2018-03-25T11:44:50.626Z","v":0}
{"name":"hexo","hostname":"jilingjun.local","pid":38753,"level":20,"msg":"Processed: \u001b[35mlanguages/ja.yml\u001b[39m","time":"2018-03-25T11:44:50.627Z","v":0}
{"name":"hexo","hostname":"jilingjun.local","pid":38753,"level":20,"msg":"Processed: \u001b[35mlanguages/fr.yml\u001b[39m","time":"2018-03-25T11:44:50.627Z","v":0}
{"name":"hexo","hostname":"jilingjun.local","pid":38753,"level":20,"msg":"Processed: \u001b[35mlanguages/no.yml\u001b[39m","time":"2018-03-25T11:44:50.627Z","v":0}
{"name":"hexo","hostname":"jilingjun.local","pid":38753,"level":20,"msg":"Processed: \u001b[35mlanguages/pt.yml\u001b[39m","time":"2018-03-25T11:44:50.627Z","v":0}
{"name":"hexo","hostname":"jilingjun.local","pid":38753,"level":20,"msg":"Processed: \u001b[35mlanguages/nl.yml\u001b[39m","time":"2018-03-25T11:44:50.627Z","v":0}
{"name":"hexo","hostname":"jilingjun.local","pid":38753,"level":20,"msg":"Processed: \u001b[35mlanguages/ru.yml\u001b[39m","time":"2018-03-25T11:44:50.627Z","v":0}
{"name":"hexo","hostname":"jilingjun.local","pid":38753,"level":20,"msg":"Processed: \u001b[35mlanguages/zh-CN.yml\u001b[39m","time":"2018-03-25T11:44:50.627Z","v":0}
{"name":"hexo","hostname":"jilingjun.local","pid":38753,"level":20,"msg":"Processed: \u001b[35mlanguages/zh-TW.yml\u001b[39m","time":"2018-03-25T11:44:50.627Z","v":0}
{"name":"hexo","hostname":"jilingjun.local","pid":38753,"level":20,"msg":"Processed: \u001b[35msource/css/fonts/fontawesome-webfont.eot\u001b[39m","time":"2018-03-25T11:44:50.628Z","v":0}
{"name":"hexo","hostname":"jilingjun.local","pid":38753,"level":20,"msg":"Processed: \u001b[35msource/css/fonts/FontAwesome.otf\u001b[39m","time":"2018-03-25T11:44:50.628Z","v":0}
{"name":"hexo","hostname":"jilingjun.local","pid":38753,"level":20,"msg":"Processed: \u001b[35msource/css/fonts/fontawesome-webfont.woff\u001b[39m","time":"2018-03-25T11:44:50.629Z","v":0}
{"name":"hexo","hostname":"jilingjun.local","pid":38753,"level":20,"msg":"Processed: \u001b[35msource/fancybox/helpers/fancybox_buttons.png\u001b[39m","time":"2018-03-25T11:44:50.629Z","v":0}
{"name":"hexo","hostname":"jilingjun.local","pid":38753,"level":20,"msg":"Processed: \u001b[35msource/fancybox/helpers/jquery.fancybox-buttons.css\u001b[39m","time":"2018-03-25T11:44:50.629Z","v":0}
{"name":"hexo","hostname":"jilingjun.local","pid":38753,"level":20,"msg":"Processed: \u001b[35msource/fancybox/helpers/jquery.fancybox-media.js\u001b[39m","time":"2018-03-25T11:44:50.633Z","v":0}
{"name":"hexo","hostname":"jilingjun.local","pid":38753,"level":20,"msg":"Processed: \u001b[35msource/fancybox/helpers/jquery.fancybox-buttons.js\u001b[39m","time":"2018-03-25T11:44:50.634Z","v":0}
{"name":"hexo","hostname":"jilingjun.local","pid":38753,"level":20,"msg":"Processed: \u001b[35msource/fancybox/helpers/jquery.fancybox-thumbs.css\u001b[39m","time":"2018-03-25T11:44:50.634Z","v":0}
{"name":"hexo","hostname":"jilingjun.local","pid":38753,"level":20,"msg":"Processed: \u001b[35msource/fancybox/helpers/jquery.fancybox-thumbs.js\u001b[39m","time":"2018-03-25T11:44:50.634Z","v":0}
{"name":"hexo","hostname":"jilingjun.local","pid":38753,"level":20,"msg":"Processed: \u001b[35mlayout/archive.ejs\u001b[39m","time":"2018-03-25T11:44:50.640Z","v":0}
{"name":"hexo","hostname":"jilingjun.local","pid":38753,"level":20,"msg":"Processed: \u001b[35mlayout/category.ejs\u001b[39m","time":"2018-03-25T11:44:50.640Z","v":0}
{"name":"hexo","hostname":"jilingjun.local","pid":38753,"level":20,"msg":"Processed: \u001b[35mlayout/layout.ejs\u001b[39m","time":"2018-03-25T11:44:50.640Z","v":0}
{"name":"hexo","hostname":"jilingjun.local","pid":38753,"level":20,"msg":"Processed: \u001b[35mlayout/post.ejs\u001b[39m","time":"2018-03-25T11:44:50.640Z","v":0}
{"name":"hexo","hostname":"jilingjun.local","pid":38753,"level":20,"msg":"Processed: \u001b[35mlayout/index.ejs\u001b[39m","time":"2018-03-25T11:44:50.640Z","v":0}
{"name":"hexo","hostname":"jilingjun.local","pid":38753,"level":20,"msg":"Processed: \u001b[35mlayout/tag.ejs\u001b[39m","time":"2018-03-25T11:44:50.640Z","v":0}
{"name":"hexo","hostname":"jilingjun.local","pid":38753,"level":20,"msg":"Processed: \u001b[35mlayout/page.ejs\u001b[39m","time":"2018-03-25T11:44:50.640Z","v":0}
{"name":"hexo","hostname":"jilingjun.local","pid":38753,"level":20,"msg":"Processed: \u001b[35msource/css/fonts/fontawesome-webfont.ttf\u001b[39m","time":"2018-03-25T11:44:50.641Z","v":0}
{"name":"hexo","hostname":"jilingjun.local","pid":38753,"level":20,"msg":"Processed: \u001b[35mlayout/_partial/after-footer.ejs\u001b[39m","time":"2018-03-25T11:44:50.647Z","v":0}
{"name":"hexo","hostname":"jilingjun.local","pid":38753,"level":20,"msg":"Processed: \u001b[35mlayout/_partial/archive.ejs\u001b[39m","time":"2018-03-25T11:44:50.647Z","v":0}
{"name":"hexo","hostname":"jilingjun.local","pid":38753,"level":20,"msg":"Processed: \u001b[35mlayout/_partial/article.ejs\u001b[39m","time":"2018-03-25T11:44:50.647Z","v":0}
{"name":"hexo","hostname":"jilingjun.local","pid":38753,"level":20,"msg":"Processed: \u001b[35mlayout/_partial/archive-post.ejs\u001b[39m","time":"2018-03-25T11:44:50.647Z","v":0}
{"name":"hexo","hostname":"jilingjun.local","pid":38753,"level":20,"msg":"Processed: \u001b[35mlayout/_partial/footer.ejs\u001b[39m","time":"2018-03-25T11:44:50.647Z","v":0}
{"name":"hexo","hostname":"jilingjun.local","pid":38753,"level":20,"msg":"Processed: \u001b[35mlayout/_partial/head.ejs\u001b[39m","time":"2018-03-25T11:44:50.647Z","v":0}
{"name":"hexo","hostname":"jilingjun.local","pid":38753,"level":20,"msg":"Processed: \u001b[35mlayout/_partial/google-analytics.ejs\u001b[39m","time":"2018-03-25T11:44:50.647Z","v":0}
{"name":"hexo","hostname":"jilingjun.local","pid":38753,"level":20,"msg":"Processed: \u001b[35mlayout/_partial/gauges-analytics.ejs\u001b[39m","time":"2018-03-25T11:44:50.648Z","v":0}
{"name":"hexo","hostname":"jilingjun.local","pid":38753,"level":20,"msg":"Processed: \u001b[35mlayout/_partial/header.ejs\u001b[39m","time":"2018-03-25T11:44:50.648Z","v":0}
{"name":"hexo","hostname":"jilingjun.local","pid":38753,"level":20,"msg":"Processed: \u001b[35mlayout/_partial/mobile-nav.ejs\u001b[39m","time":"2018-03-25T11:44:50.648Z","v":0}
{"name":"hexo","hostname":"jilingjun.local","pid":38753,"level":20,"msg":"Processed: \u001b[35mlayout/_widget/recent_posts.ejs\u001b[39m","time":"2018-03-25T11:44:50.648Z","v":0}
{"name":"hexo","hostname":"jilingjun.local","pid":38753,"level":20,"msg":"Processed: \u001b[35mlayout/_partial/sidebar.ejs\u001b[39m","time":"2018-03-25T11:44:50.648Z","v":0}
{"name":"hexo","hostname":"jilingjun.local","pid":38753,"level":20,"msg":"Processed: \u001b[35mlayout/_widget/archive.ejs\u001b[39m","time":"2018-03-25T11:44:50.648Z","v":0}
{"name":"hexo","hostname":"jilingjun.local","pid":38753,"level":20,"msg":"Processed: \u001b[35mlayout/_widget/category.ejs\u001b[39m","time":"2018-03-25T11:44:50.648Z","v":0}
{"name":"hexo","hostname":"jilingjun.local","pid":38753,"level":20,"msg":"Processed: \u001b[35mlayout/_widget/tag.ejs\u001b[39m","time":"2018-03-25T11:44:50.649Z","v":0}
{"name":"hexo","hostname":"jilingjun.local","pid":38753,"level":20,"msg":"Processed: \u001b[35mlayout/_widget/tagcloud.ejs\u001b[39m","time":"2018-03-25T11:44:50.649Z","v":0}
{"name":"hexo","hostname":"jilingjun.local","pid":38753,"level":20,"msg":"Processed: \u001b[35msource/css/fonts/fontawesome-webfont.svg\u001b[39m","time":"2018-03-25T11:44:50.650Z","v":0}
{"name":"hexo","hostname":"jilingjun.local","pid":38753,"level":20,"msg":"Processed: \u001b[35msource/css/images/banner.jpg\u001b[39m","time":"2018-03-25T11:44:50.650Z","v":0}
{"name":"hexo","hostname":"jilingjun.local","pid":38753,"level":20,"msg":"Processed: \u001b[35mlayout/_partial/post/gallery.ejs\u001b[39m","time":"2018-03-25T11:44:50.654Z","v":0}
{"name":"hexo","hostname":"jilingjun.local","pid":38753,"level":20,"msg":"Processed: \u001b[35mlayout/_partial/post/category.ejs\u001b[39m","time":"2018-03-25T11:44:50.654Z","v":0}
{"name":"hexo","hostname":"jilingjun.local","pid":38753,"level":20,"msg":"Processed: \u001b[35mlayout/_partial/post/date.ejs\u001b[39m","time":"2018-03-25T11:44:50.654Z","v":0}
{"name":"hexo","hostname":"jilingjun.local","pid":38753,"level":20,"msg":"Processed: \u001b[35mlayout/_partial/post/nav.ejs\u001b[39m","time":"2018-03-25T11:44:50.654Z","v":0}
{"name":"hexo","hostname":"jilingjun.local","pid":38753,"level":20,"msg":"Processed: \u001b[35mlayout/_partial/post/title.ejs\u001b[39m","time":"2018-03-25T11:44:50.654Z","v":0}
{"name":"hexo","hostname":"jilingjun.local","pid":38753,"level":20,"msg":"Processed: \u001b[35mlayout/_partial/post/tag.ejs\u001b[39m","time":"2018-03-25T11:44:50.654Z","v":0}
{"name":"hexo","hostname":"jilingjun.local","pid":38753,"level":20,"msg":"Generator: \u001b[35mpage\u001b[39m","time":"2018-03-25T11:44:50.681Z","v":0}
{"name":"hexo","hostname":"jilingjun.local","pid":38753,"level":20,"msg":"Generator: \u001b[35mpost\u001b[39m","time":"2018-03-25T11:44:50.681Z","v":0}
{"name":"hexo","hostname":"jilingjun.local","pid":38753,"level":20,"msg":"Generator: \u001b[35mindex\u001b[39m","time":"2018-03-25T11:44:50.681Z","v":0}
{"name":"hexo","hostname":"jilingjun.local","pid":38753,"level":20,"msg":"Generator: \u001b[35mcategory\u001b[39m","time":"2018-03-25T11:44:50.681Z","v":0}
{"name":"hexo","hostname":"jilingjun.local","pid":38753,"level":20,"msg":"Generator: \u001b[35marchive\u001b[39m","time":"2018-03-25T11:44:50.681Z","v":0}
{"name":"hexo","hostname":"jilingjun.local","pid":38753,"level":20,"msg":"Generator: \u001b[35mtag\u001b[39m","time":"2018-03-25T11:44:50.681Z","v":0}
{"name":"hexo","hostname":"jilingjun.local","pid":38753,"level":20,"msg":"Generator: \u001b[35masset\u001b[39m","time":"2018-03-25T11:44:50.682Z","v":0}
{"name":"hexo","hostname":"jilingjun.local","pid":38753,"level":30,"msg":"Hexo is running at \u001b[4mhttp://localhost:4000/\u001b[24m. Press Ctrl+C to stop.","time":"2018-03-25T11:44:50.687Z","v":0}
{"name":"hexo","hostname":"jilingjun.local","pid":38753,"level":20,"msg":"Database saved","time":"2018-03-25T11:44:50.691Z","v":0}
{"name":"hexo","hostname":"jilingjun.local","pid":38753,"level":30,"msg":"Have a nice day","time":"2018-03-25T11:51:39.337Z","v":0}
{"name":"hexo","hostname":"jilingjun.local","pid":38753,"level":20,"msg":"Database saved","time":"2018-03-25T11:51:39.353Z","v":0}
